The system is: Windows - 10.0.17134 - AMD64
Compiling the C compiler identification source file "CMakeCCompilerId.c" succeeded.
Compiler: C:/Program Files (x86)/Microsoft Visual Studio/2017/Community/VC/Tools/MSVC/14.16.27023/bin/Hostx86/x86/cl.exe 
Build flags: 
Id flags:  

The output was:
0
Microsoft (R) C/C++ Optimizing Compiler Version 19.16.27027.1 for x86
Copyright (C) Microsoft Corporation.  All rights reserved.

CMakeCCompilerId.c
Microsoft (R) Incremental Linker Version 14.16.27027.1
Copyright (C) Microsoft Corporation.  All rights reserved.

/out:CMakeCCompilerId.exe 
CMakeCCompilerId.obj 


Compilation of the C compiler identification source "CMakeCCompilerId.c" produced "CMakeCCompilerId.exe"

Compilation of the C compiler identification source "CMakeCCompilerId.c" produced "CMakeCCompilerId.obj"

The C compiler identification is MSVC, found in "D:/homework/ex1/map/cmake-build-debug/CMakeFiles/3.13.2/CompilerIdC/CMakeCCompilerId.exe"

Determining if the C compiler works passed with the following output:
Change Dir: D:/homework/ex1/map/cmake-build-debug/CMakeFiles/CMakeTmp

Run Build Command:"nmake" "/nologo" "cmTC_4daa6\fast"
	"C:\Program Files (x86)\Microsoft Visual Studio\2017\Community\VC\Tools\MSVC\14.16.27023\bin\HostX86\x86\nmake.exe" -f CMakeFiles\cmTC_4daa6.dir\build.make /nologo -L                  CMakeFiles\cmTC_4daa6.dir\build
Building C object CMakeFiles/cmTC_4daa6.dir/testCCompiler.c.obj
	C:\PROGRA~2\MIB055~1\2017\COMMUN~1\VC\Tools\MSVC\1416~1.270\bin\Hostx86\x86\cl.exe @C:\Users\HD\AppData\Local\Temp\nmDF6E.tmp
testCCompiler.c
Linking C executable cmTC_4daa6.exe
	"C:\Program Files\JetBrains\CLion 2018.3.4\clion2\CLion 2018.3.4\bin\cmake\win\bin\cmake.exe" -E vs_link_exe --intdir=CMakeFiles\cmTC_4daa6.dir --manifests  -- C:\PROGRA~2\MIB055~1\2017\COMMUN~1\VC\Tools\MSVC\1416~1.270\bin\Hostx86\x86\link.exe /nologo @CMakeFiles\cmTC_4daa6.dir\objects1.rsp @C:\Users\HD\AppData\Local\Temp\nmE144.tmp


Detecting C compiler ABI info compiled with the following output:
Change Dir: D:/homework/ex1/map/cmake-build-debug/CMakeFiles/CMakeTmp

Run Build Command:"nmake" "/nologo" "cmTC_e797a\fast"
	"C:\Program Files (x86)\Microsoft Visual Studio\2017\Community\VC\Tools\MSVC\14.16.27023\bin\HostX86\x86\nmake.exe" -f CMakeFiles\cmTC_e797a.dir\build.make /nologo -L                  CMakeFiles\cmTC_e797a.dir\build
Building C object CMakeFiles/cmTC_e797a.dir/CMakeCCompilerABI.c.obj
	C:\PROGRA~2\MIB055~1\2017\COMMUN~1\VC\Tools\MSVC\1416~1.270\bin\Hostx86\x86\cl.exe @C:\Users\HD\AppData\Local\Temp\nmF613.tmp
CMakeCCompilerABI.c
Linking C executable cmTC_e797a.exe
	"C:\Program Files\JetBrains\CLion 2018.3.4\clion2\CLion 2018.3.4\bin\cmake\win\bin\cmake.exe" -E vs_link_exe --intdir=CMakeFiles\cmTC_e797a.dir --manifests  -- C:\PROGRA~2\MIB055~1\2017\COMMUN~1\VC\Tools\MSVC\1416~1.270\bin\Hostx86\x86\link.exe /nologo @CMakeFiles\cmTC_e797a.dir\objects1.rsp @C:\Users\HD\AppData\Local\Temp\nmF8E3.tmp




Detecting C [] compiler features compiled with the following output:
Change Dir: D:/homework/ex1/map/cmake-build-debug/CMakeFiles/CMakeTmp

Run Build Command:"nmake" "/nologo" "cmTC_f99e2\fast"
	"C:\Program Files (x86)\Microsoft Visual Studio\2017\Community\VC\Tools\MSVC\14.16.27023\bin\HostX86\x86\nmake.exe" -f CMakeFiles\cmTC_f99e2.dir\build.make /nologo -L                  CMakeFiles\cmTC_f99e2.dir\build
Building C object CMakeFiles/cmTC_f99e2.dir/feature_tests.c.obj
	C:\PROGRA~2\MIB055~1\2017\COMMUN~1\VC\Tools\MSVC\1416~1.270\bin\Hostx86\x86\cl.exe @C:\Users\HD\AppData\Local\Temp\nmB70.tmp
feature_tests.c
Linking C executable cmTC_f99e2.exe
	"C:\Program Files\JetBrains\CLion 2018.3.4\clion2\CLion 2018.3.4\bin\cmake\win\bin\cmake.exe" -E vs_link_exe --intdir=CMakeFiles\cmTC_f99e2.dir --manifests  -- C:\PROGRA~2\MIB055~1\2017\COMMUN~1\VC\Tools\MSVC\1416~1.270\bin\Hostx86\x86\link.exe /nologo @CMakeFiles\cmTC_f99e2.dir\objects1.rsp @C:\Users\HD\AppData\Local\Temp\nmE01.tmp


    Feature record: C_FEATURE:1c_function_prototypes
    Feature record: C_FEATURE:1c_variadic_macros
